<?xml version="1.0" encoding="UTF-8"?>
<!-- Generated by org.testng.reporters.JUnitReportReporter -->
<testsuite hostname="Potla" failures="0" tests="3" name="testCases.Test03_LoginDataProvider" time="16.666" errors="0" timestamp="2024-01-24T21:13:12 CST" skipped="0">
  <testcase classname="testCases.Test03_LoginDataProvider" name="testLogindataprovider" time="5.478"/>
  <system-out/>
  <testcase classname="testCases.Test03_LoginDataProvider" name="testLogindataprovider" time="5.779"/>
  <system-out/>
  <testcase classname="testCases.Test03_LoginDataProvider" name="testLogindataprovider" time="5.409"/>
  <system-out/>
</testsuite> <!-- testCases.Test03_LoginDataProvider -->
