<?xml version="1.0" encoding="UTF-8"?>
<!-- Generated by org.testng.reporters.JUnitReportReporter -->
<testsuite hostname="Potla" failures="0" tests="1" name="testCases.Test02_LoginPage" time="10.265" errors="0" timestamp="2024-01-30T22:49:25 CST" skipped="0">
  <testcase classname="testCases.Test02_LoginPage" name="test_Login" time="10.265"/>
  <system-out/>
</testsuite> <!-- testCases.Test02_LoginPage -->
