<?xml version="1.0" encoding="UTF-8"?>
<!-- Generated by org.testng.reporters.JUnitReportReporter -->
<testsuite hostname="Potla" failures="0" tests="1" name="testCases.Test01_AccountRegistrationTest" time="4.195" errors="0" timestamp="2024-01-30T23:03:24 CST" skipped="0">
  <testcase classname="testCases.Test01_AccountRegistrationTest" name="test_Registration" time="4.195"/>
  <system-out/>
</testsuite> <!-- testCases.Test01_AccountRegistrationTest -->
